Using pre-set license

 COMMAND LINE ARGUMENTS:
/Applications/2020.3.2f1/Unity.app/Contents/MacOS/Unity
-adb2
-batchMode
-noUpm
-name
AssetImportWorker0
-projectPath
/Users/michelledozal1/Downloads/Retribution
-logFile
Logs/AssetImportWorker0.log
-srvPort
62443
Successfully changed project path to: /Users/michelledozal1/Downloads/Retribution
/Users/michelledozal1/Downloads/Retribution
Using Asset Import Pipeline V2.
Refreshing native plugins compatible for Editor in 60.41 ms, found 1 plugins.
Preloading 0 native plugins for Editor in 0.00 ms.
Initialize engine version: 2020.3.2f1 (8fd9074bf66c)
[Subsystems] Discovering subsystems at path /Applications/2020.3.2f1/Unity.app/Contents/Resources/UnitySubsystems
[Subsystems] Discovering subsystems at path /Users/michelledozal1/Downloads/Retribution/Assets
GfxDevice: creating device client; threaded=0
2021-06-04 21:22:32.143 Unity[72263:6577449] Color LCD preferred device: Intel(R) UHD Graphics 617 (low power)
2021-06-04 21:22:32.143 Unity[72263:6577449] Metal devices available: 1
2021-06-04 21:22:32.143 Unity[72263:6577449] 0: Intel(R) UHD Graphics 617 (low power)
2021-06-04 21:22:32.144 Unity[72263:6577449] Using device Intel(R) UHD Graphics 617 (low power)
Initializing Metal device caps: Intel(R) UHD Graphics 617
Initialize mono
Mono path[0] = '/Applications/2020.3.2f1/Unity.app/Contents/Managed'
Mono path[1] = '/Applications/2020.3.2f1/Unity.app/Contents/MonoBleedingEdge/lib/mono/unityjit'
Mono config path = '/Applications/2020.3.2f1/Unity.app/Contents/MonoBleedingEdge/etc'
Using monoOptions --debugger-agent=transport=dt_socket,embedding=1,server=y,suspend=n,address=127.0.0.1:56263
Begin MonoManager ReloadAssembly
Registering precompiled unity dll's ...
Register platform support module: /Applications/2020.3.2f1/PlaybackEngines/WebGLSupport/UnityEditor.WebGL.Extensions.dll
Register platform support module: /Applications/2020.3.2f1/Unity.app/Contents/PlaybackEngines/MacStandaloneSupport/UnityEditor.OSXStandalone.Extensions.dll
Registered in 0.006993 seconds.
Native extension for OSXStandalone target not found
Native extension for WebGL target not found
Refreshing native plugins compatible for Editor in 40.68 ms, found 1 plugins.
Preloading 0 native plugins for Editor in 0.00 ms.
Invoked RoslynAnalysisRunner static constructor.
RoslynAnalysisRunner will not be running.
RoslynAnalysisRunner has terminated.
Mono: successfully reloaded assembly
- Completed reload, in  3.103 seconds
Platform modules already initialized, skipping
Registering precompiled user dll's ...
Registered in 0.004160 seconds.
Begin MonoManager ReloadAssembly
Native extension for OSXStandalone target not found
Native extension for WebGL target not found
Refreshing native plugins compatible for Editor in 0.34 ms, found 1 plugins.
Preloading 0 native plugins for Editor in 0.00 ms.
Invoked RoslynAnalysisRunner static constructor.
RoslynAnalysisRunner will not be running.
RoslynAnalysisRunner has terminated.
Mono: successfully reloaded assembly
- Completed reload, in  1.442 seconds
Platform modules already initialized, skipping
========================================================================
Worker process is ready to serve import requests
Launching external process: /Applications/2020.3.2f1/Unity.app/Contents/Tools/UnityShaderCompiler
Launched and connected shader compiler UnityShaderCompiler after 0.02 seconds
Refreshing native plugins compatible for Editor in 0.34 ms, found 1 plugins.
Preloading 0 native plugins for Editor in 0.00 ms.
Unloading 1357 Unused Serialized files (Serialized files now loaded: 0)
System memory in use before: 121.5 MB.
System memory in use after: 121.6 MB.

Unloading 10 unused Assets to reduce memory usage. Loaded Objects now: 1801.
Total: 2.997358 ms (FindLiveObjects: 0.322300 ms CreateObjectMapping: 0.107752 ms MarkObjects: 2.475982 ms  DeleteObjects: 0.089695 ms)

========================================================================
Received Import Request.
  path: Assets/Scenes/Menu/Main_menu_BG.jpg
  artifactKey: Guid(fbf93165c5267cd42b8c0a9415da7bd4) Importer(815301076,1909f56bfc062723c751e8b465ee728b)
Start importing Assets/Scenes/Menu/Main_menu_BG.jpg using Guid(fbf93165c5267cd42b8c0a9415da7bd4) Importer(815301076,1909f56bfc062723c751e8b465ee728b)  -> (artifact id: 'a2b92cb42263b0e861963917a2b38743') in 0.832096 seconds
  Import took 0.839214 seconds .

========================================================================
Received Import Request.
  Time since last request: 0.000295 seconds.
  path: Assets/Scenes/Menu/Gold.asset
  artifactKey: Guid(865dea86d0e783c44a9de6c994734606) Importer(815301076,1909f56bfc062723c751e8b465ee728b)
Start importing Assets/Scenes/Menu/Gold.asset using Guid(865dea86d0e783c44a9de6c994734606) Importer(815301076,1909f56bfc062723c751e8b465ee728b)  -> (artifact id: 'ccc957553d46ad73f8f19165f1b55093') in 0.521144 seconds
  Import took 0.524807 seconds .

========================================================================
Received Import Request.
  Time since last request: 20.419973 seconds.
  path: Assets/AstarPathfindingProject/Editor/EditorAssets/images/ArrowDown.png
  artifactKey: Guid(12ea2fbedc5cc4bd191d795f44b2de75) Importer(815301076,1909f56bfc062723c751e8b465ee728b)
Start importing Assets/AstarPathfindingProject/Editor/EditorAssets/images/ArrowDown.png using Guid(12ea2fbedc5cc4bd191d795f44b2de75) Importer(815301076,1909f56bfc062723c751e8b465ee728b)  -> (artifact id: '60c35c716b2d561d01460156596c607c') in 0.652188 seconds
  Import took 0.657013 seconds .

========================================================================
Received Import Request.
  Time since last request: 0.000259 seconds.
  path: Assets/AstarPathfindingProject/Editor/EditorAssets/images/ArrowUp.png
  artifactKey: Guid(b1722c752c8754c5281b2efd6cf8477c) Importer(815301076,1909f56bfc062723c751e8b465ee728b)
Start importing Assets/AstarPathfindingProject/Editor/EditorAssets/images/ArrowUp.png using Guid(b1722c752c8754c5281b2efd6cf8477c) Importer(815301076,1909f56bfc062723c751e8b465ee728b)  -> (artifact id: '5ac380718c1c57b22da2bd7605b871f2') in 0.007933 seconds
  Import took 0.011666 seconds .

========================================================================
Received Import Request.
  Time since last request: 0.000283 seconds.
  path: Assets/Enemy_knight_demo/Sprites/Attack.png
  artifactKey: Guid(40834912ca492db44b62044b38a8dd65) Importer(815301076,1909f56bfc062723c751e8b465ee728b)
Start importing Assets/Enemy_knight_demo/Sprites/Attack.png using Guid(40834912ca492db44b62044b38a8dd65) Importer(815301076,1909f56bfc062723c751e8b465ee728b)  -> (artifact id: '5aa9dd03a41565725b10ad6ea0beffae') in 0.037953 seconds
  Import took 0.040827 seconds .

========================================================================
Received Import Request.
  Time since last request: 0.000269 seconds.
  path: Assets/AstarPathfindingProject/Editor/EditorAssets/images/ArrowDown_on.png
  artifactKey: Guid(d8951099054c64beaaa49d675d71cfcf) Importer(815301076,1909f56bfc062723c751e8b465ee728b)
Start importing Assets/AstarPathfindingProject/Editor/EditorAssets/images/ArrowDown_on.png using Guid(d8951099054c64beaaa49d675d71cfcf) Importer(815301076,1909f56bfc062723c751e8b465ee728b)  -> (artifact id: 'fc6076e95b183eafdfe53f3bded9d4c1') in 0.007559 seconds
  Import took 0.011712 seconds .

========================================================================
Received Import Request.
  Time since last request: 0.000318 seconds.
  path: Assets/AstarPathfindingProject/Editor/EditorAssets/images/ArrowUp_on.png
  artifactKey: Guid(4c914fdaf554243fe9fb26afc323caef) Importer(815301076,1909f56bfc062723c751e8b465ee728b)
Start importing Assets/AstarPathfindingProject/Editor/EditorAssets/images/ArrowUp_on.png using Guid(4c914fdaf554243fe9fb26afc323caef) Importer(815301076,1909f56bfc062723c751e8b465ee728b)  -> (artifact id: '478009e3ef11e004fb211553cc2d8121') in 0.007265 seconds
  Import took 0.011548 seconds .

========================================================================
Received Import Request.
  Time since last request: 1.238069 seconds.
  path: Assets/TextMesh Pro/Examples & Extras/Textures/Brushed Metal 3.jpg
  artifactKey: Guid(f88677df267a41d6be1e7a6133e7d227) Importer(815301076,1909f56bfc062723c751e8b465ee728b)
Start importing Assets/TextMesh Pro/Examples & Extras/Textures/Brushed Metal 3.jpg using Guid(f88677df267a41d6be1e7a6133e7d227) Importer(815301076,1909f56bfc062723c751e8b465ee728b)  -> (artifact id: 'dee3c0d4aa1cbcfabc98b7b7aea29dd0') in 0.018683 seconds
  Import took 0.022822 seconds .

========================================================================
Received Import Request.
  Time since last request: 0.000314 seconds.
  path: Assets/AstarPathfindingProject/ExampleScenes/Example2_Terrain/checkerGround.psd
  artifactKey: Guid(ee2523340e7944c4297a80937a51484c) Importer(815301076,1909f56bfc062723c751e8b465ee728b)
Start importing Assets/AstarPathfindingProject/ExampleScenes/Example2_Terrain/checkerGround.psd using Guid(ee2523340e7944c4297a80937a51484c) Importer(815301076,1909f56bfc062723c751e8b465ee728b)  -> (artifact id: '3f5b65ff2435dea3dc4c39ec11e51fdd') in 0.584604 seconds
  Import took 0.588704 seconds .

========================================================================
Received Import Request.
  Time since last request: 0.000270 seconds.
  path: Assets/AstarPathfindingProject/Editor/EditorAssets/DarkSkin/colorInterpolationBox.png
  artifactKey: Guid(0790ee8db18ed49ed8369be285199835) Importer(815301076,1909f56bfc062723c751e8b465ee728b)
Start importing Assets/AstarPathfindingProject/Editor/EditorAssets/DarkSkin/colorInterpolationBox.png using Guid(0790ee8db18ed49ed8369be285199835) Importer(815301076,1909f56bfc062723c751e8b465ee728b)  -> (artifact id: 'c87f339d463fdefeea793c2bb34a575a') in 0.013529 seconds
  Import took 0.017337 seconds .

========================================================================
Received Import Request.
  Time since last request: 0.000401 seconds.
  path: Assets/AstarPathfindingProject/Editor/EditorAssets/LightSkin/colorInterpolationBox.png
  artifactKey: Guid(9bf4f8f9d8795455bb87213dd56ed793) Importer(815301076,1909f56bfc062723c751e8b465ee728b)
Start importing Assets/AstarPathfindingProject/Editor/EditorAssets/LightSkin/colorInterpolationBox.png using Guid(9bf4f8f9d8795455bb87213dd56ed793) Importer(815301076,1909f56bfc062723c751e8b465ee728b)  -> (artifact id: 'e1ac8b3751720f63ddc594fd66386f11') in 0.014913 seconds
  Import took 0.022607 seconds .

========================================================================
Received Import Request.
  Time since last request: 0.315665 seconds.
  path: Assets/Enemy_knight_demo/Sprites/Dash.png
  artifactKey: Guid(3eb6c24c1f9a7fe49ac47fc974b2a2a5) Importer(815301076,1909f56bfc062723c751e8b465ee728b)
Start importing Assets/Enemy_knight_demo/Sprites/Dash.png using Guid(3eb6c24c1f9a7fe49ac47fc974b2a2a5) Importer(815301076,1909f56bfc062723c751e8b465ee728b)  -> (artifact id: '5c228abca3d6345bd56907c1cb89878a') in 0.042373 seconds
  Import took 0.046442 seconds .

========================================================================
Received Import Request.
  Time since last request: 0.000309 seconds.
  path: Assets/Enemy_knight_demo/Sprites/Death.png
  artifactKey: Guid(80e609a9c98db1849b0890abfe54eece) Importer(815301076,1909f56bfc062723c751e8b465ee728b)
Start importing Assets/Enemy_knight_demo/Sprites/Death.png using Guid(80e609a9c98db1849b0890abfe54eece) Importer(815301076,1909f56bfc062723c751e8b465ee728b)  -> (artifact id: '59366ef69c337f3ec8c35c218eca9c5b') in 0.055860 seconds
  Import took 0.059613 seconds .

========================================================================
Received Import Request.
  Time since last request: 5.702067 seconds.
  path: Assets/TextMesh Pro/Examples & Extras/Sprites/Default Sprites.png
  artifactKey: Guid(a0fc465d6cf04254a2938578735e2383) Importer(815301076,1909f56bfc062723c751e8b465ee728b)
Start importing Assets/TextMesh Pro/Examples & Extras/Sprites/Default Sprites.png using Guid(a0fc465d6cf04254a2938578735e2383) Importer(815301076,1909f56bfc062723c751e8b465ee728b)  -> (artifact id: '88fddd7dffc12e92086df900cf6b9299') in 0.018895 seconds
  Import took 0.023419 seconds .

========================================================================
Received Import Request.
  Time since last request: 0.000589 seconds.
  path: Assets/AstarPathfindingProject/Editor/EditorAssets/LightSkin/deleteButton@1x.png
  artifactKey: Guid(3240f334343ca4dee8239c16d2de57c6) Importer(815301076,1909f56bfc062723c751e8b465ee728b)
Start importing Assets/AstarPathfindingProject/Editor/EditorAssets/LightSkin/deleteButton@1x.png using Guid(3240f334343ca4dee8239c16d2de57c6) Importer(815301076,1909f56bfc062723c751e8b465ee728b)  -> (artifact id: '3b1c0217b2536841f07cf4f5cf7fccbd') in 0.010884 seconds
  Import took 0.015010 seconds .

========================================================================
Received Import Request.
  Time since last request: 0.000259 seconds.
  path: Assets/TextMesh Pro/Examples & Extras/Sprites/Default Sprites.png
  artifactKey: Guid(a0fc465d6cf04254a2938578735e2383) Importer(815301076,1909f56bfc062723c751e8b465ee728b)
Start importing Assets/TextMesh Pro/Examples & Extras/Sprites/Default Sprites.png using Guid(a0fc465d6cf04254a2938578735e2383) Importer(815301076,1909f56bfc062723c751e8b465ee728b)  -> (artifact id: '88fddd7dffc12e92086df900cf6b9299') in 0.015867 seconds
  Import took 0.022006 seconds .

========================================================================
Received Import Request.
  Time since last request: 0.385414 seconds.
  path: Assets/AstarPathfindingProject/Editor/EditorAssets/DarkSkin/deleteButton@1x.png
  artifactKey: Guid(b5a4a564ac2dc4261a13719673f157e1) Importer(815301076,1909f56bfc062723c751e8b465ee728b)
Start importing Assets/AstarPathfindingProject/Editor/EditorAssets/DarkSkin/deleteButton@1x.png using Guid(b5a4a564ac2dc4261a13719673f157e1) Importer(815301076,1909f56bfc062723c751e8b465ee728b)  -> (artifact id: '870111ed84200d43bcbcf8df596f6449') in 0.019612 seconds
  Import took 0.024738 seconds .

========================================================================
Received Import Request.
  Time since last request: 0.000308 seconds.
  path: Assets/AstarPathfindingProject/Editor/EditorAssets/LightSkin/deleteButton@2x.png
  artifactKey: Guid(6444e8eb74e6f40e0a966d1e26744d08) Importer(815301076,1909f56bfc062723c751e8b465ee728b)
Start importing Assets/AstarPathfindingProject/Editor/EditorAssets/LightSkin/deleteButton@2x.png using Guid(6444e8eb74e6f40e0a966d1e26744d08) Importer(815301076,1909f56bfc062723c751e8b465ee728b)  -> (artifact id: '3be0160aec0ac2686a6a3190339644b0') in 0.011809 seconds
  Import took 0.016785 seconds .

========================================================================
Received Import Request.
  Time since last request: 0.000754 seconds.
  path: Assets/AstarPathfindingProject/Editor/EditorAssets/DarkSkin/deleteButton@2x.png
  artifactKey: Guid(c730485723dee4bcbad9d8a7593a8799) Importer(815301076,1909f56bfc062723c751e8b465ee728b)
Start importing Assets/AstarPathfindingProject/Editor/EditorAssets/DarkSkin/deleteButton@2x.png using Guid(c730485723dee4bcbad9d8a7593a8799) Importer(815301076,1909f56bfc062723c751e8b465ee728b)  -> (artifact id: 'bc4e004f0ab5cd0af29eef0c60fa2c5a') in 0.011607 seconds
  Import took 0.017172 seconds .

========================================================================
Received Import Request.
  Time since last request: 0.000359 seconds.
  path: Assets/AstarPathfindingProject/Editor/EditorAssets/DarkSkin/deleteButton_active@2x.png
  artifactKey: Guid(b9d7d6d7befb34b9c889e6195746c452) Importer(815301076,1909f56bfc062723c751e8b465ee728b)
Start importing Assets/AstarPathfindingProject/Editor/EditorAssets/DarkSkin/deleteButton_active@2x.png using Guid(b9d7d6d7befb34b9c889e6195746c452) Importer(815301076,1909f56bfc062723c751e8b465ee728b)  -> (artifact id: '329998cd3f907f7e857e560eee64c1f4') in 0.010778 seconds
  Import took 0.014790 seconds .

========================================================================
Received Import Request.
  Time since last request: 0.000384 seconds.
  path: Assets/AstarPathfindingProject/Editor/EditorAssets/LightSkin/deleteButton_active@1x.png
  artifactKey: Guid(c051ffc737cd54d909137d2937e82930) Importer(815301076,1909f56bfc062723c751e8b465ee728b)
Start importing Assets/AstarPathfindingProject/Editor/EditorAssets/LightSkin/deleteButton_active@1x.png using Guid(c051ffc737cd54d909137d2937e82930) Importer(815301076,1909f56bfc062723c751e8b465ee728b)  -> (artifact id: 'ae945888be47c1515f2dc8f6546badb5') in 0.009975 seconds
  Import took 0.015162 seconds .

========================================================================
Received Import Request.
  Time since last request: 0.000469 seconds.
  path: Assets/AstarPathfindingProject/Editor/EditorAssets/DarkSkin/deleteButton_active@1x.png
  artifactKey: Guid(d0f7738d6b5b2420b9a77bfef3926e2a) Importer(815301076,1909f56bfc062723c751e8b465ee728b)
Start importing Assets/AstarPathfindingProject/Editor/EditorAssets/DarkSkin/deleteButton_active@1x.png using Guid(d0f7738d6b5b2420b9a77bfef3926e2a) Importer(815301076,1909f56bfc062723c751e8b465ee728b)  -> (artifact id: '9e3a8afbfb57e0dcf3bd23599e4a88e6') in 0.010996 seconds
  Import took 0.015664 seconds .

========================================================================
Received Import Request.
  Time since last request: 0.412213 seconds.
  path: Assets/AstarPathfindingProject/Editor/EditorAssets/LightSkin/deleteButton_active@2x.png
  artifactKey: Guid(19e49615b2c8540fd8a11acd2a26c335) Importer(815301076,1909f56bfc062723c751e8b465ee728b)
Start importing Assets/AstarPathfindingProject/Editor/EditorAssets/LightSkin/deleteButton_active@2x.png using Guid(19e49615b2c8540fd8a11acd2a26c335) Importer(815301076,1909f56bfc062723c751e8b465ee728b)  -> (artifact id: 'ffa6832e790df97ec6581f528b265a95') in 0.011400 seconds
  Import took 0.015595 seconds .

========================================================================
Received Import Request.
  Time since last request: 0.000289 seconds.
  path: Assets/TextMesh Pro/Examples & Extras/Sprites/DropCap Numbers.psd
  artifactKey: Guid(fd09957580ac4326916010f1f260975b) Importer(815301076,1909f56bfc062723c751e8b465ee728b)
Start importing Assets/TextMesh Pro/Examples & Extras/Sprites/DropCap Numbers.psd using Guid(fd09957580ac4326916010f1f260975b) Importer(815301076,1909f56bfc062723c751e8b465ee728b)  -> (artifact id: '8c8c8aabf9d4a6c04b0e08cc05fe335d') in 0.013690 seconds
  Import took 0.017248 seconds .

========================================================================
Received Import Request.
  Time since last request: 0.782853 seconds.
  path: Assets/AstarPathfindingProject/Editor/EditorAssets/DarkSkin/editButton@1x.png
  artifactKey: Guid(705155b2c3fce47f0a818ac32d5abe3f) Importer(815301076,1909f56bfc062723c751e8b465ee728b)
Start importing Assets/AstarPathfindingProject/Editor/EditorAssets/DarkSkin/editButton@1x.png using Guid(705155b2c3fce47f0a818ac32d5abe3f) Importer(815301076,1909f56bfc062723c751e8b465ee728b)  -> (artifact id: 'f43b78080da8ef145484513e472c3c6a') in 0.011295 seconds
  Import took 0.015561 seconds .

========================================================================
Received Import Request.
  Time since last request: 0.000255 seconds.
  path: Assets/AstarPathfindingProject/Editor/EditorAssets/LightSkin/editButton@1x.png
  artifactKey: Guid(71ef598858974450ead310c33f29d5d3) Importer(815301076,1909f56bfc062723c751e8b465ee728b)
Start importing Assets/AstarPathfindingProject/Editor/EditorAssets/LightSkin/editButton@1x.png using Guid(71ef598858974450ead310c33f29d5d3) Importer(815301076,1909f56bfc062723c751e8b465ee728b)  -> (artifact id: '88f30e56f3afbe69332e94e0e30d5d09') in 0.012026 seconds
  Import took 0.016082 seconds .

========================================================================
Received Import Request.
  Time since last request: 0.000554 seconds.
  path: Assets/AstarPathfindingProject/Editor/EditorAssets/DarkSkin/editButton@1x.png
  artifactKey: Guid(705155b2c3fce47f0a818ac32d5abe3f) Importer(815301076,1909f56bfc062723c751e8b465ee728b)
Start importing Assets/AstarPathfindingProject/Editor/EditorAssets/DarkSkin/editButton@1x.png using Guid(705155b2c3fce47f0a818ac32d5abe3f) Importer(815301076,1909f56bfc062723c751e8b465ee728b)  -> (artifact id: 'f43b78080da8ef145484513e472c3c6a') in 0.013644 seconds
  Import took 0.018257 seconds .

========================================================================
Received Import Request.
  Time since last request: 0.002710 seconds.
  path: Assets/AstarPathfindingProject/Editor/EditorAssets/LightSkin/editButton@1x.png
  artifactKey: Guid(71ef598858974450ead310c33f29d5d3) Importer(815301076,1909f56bfc062723c751e8b465ee728b)
Start importing Assets/AstarPathfindingProject/Editor/EditorAssets/LightSkin/editButton@1x.png using Guid(71ef598858974450ead310c33f29d5d3) Importer(815301076,1909f56bfc062723c751e8b465ee728b)  -> (artifact id: '88f30e56f3afbe69332e94e0e30d5d09') in 0.017973 seconds
  Import took 0.022446 seconds .

========================================================================
Received Import Request.
  Time since last request: 0.286690 seconds.
  path: Assets/AstarPathfindingProject/Editor/EditorAssets/DarkSkin/editButton@2x.png
  artifactKey: Guid(e8ebb72a41d314b288545fddfd20cafd) Importer(815301076,1909f56bfc062723c751e8b465ee728b)
Start importing Assets/AstarPathfindingProject/Editor/EditorAssets/DarkSkin/editButton@2x.png using Guid(e8ebb72a41d314b288545fddfd20cafd) Importer(815301076,1909f56bfc062723c751e8b465ee728b)  -> (artifact id: 'bfb60dfcabd92396f044b3602fd78263') in 0.013420 seconds
  Import took 0.018019 seconds .

========================================================================
Received Import Request.
  Time since last request: 0.000325 seconds.
  path: Assets/AstarPathfindingProject/Editor/EditorAssets/LightSkin/editButton_active@1x.png
  artifactKey: Guid(3354fe2e1951d420fa49d8f4fec2954b) Importer(815301076,1909f56bfc062723c751e8b465ee728b)
Start importing Assets/AstarPathfindingProject/Editor/EditorAssets/LightSkin/editButton_active@1x.png using Guid(3354fe2e1951d420fa49d8f4fec2954b) Importer(815301076,1909f56bfc062723c751e8b465ee728b)  -> (artifact id: 'b5d018e11483450ba2f5a6e92d0e50ae') in 0.010768 seconds
  Import took 0.015217 seconds .

========================================================================
Received Import Request.
  Time since last request: 0.001403 seconds.
  path: Assets/AstarPathfindingProject/Editor/EditorAssets/LightSkin/editButton@2x.png
  artifactKey: Guid(7e276a83ed42e4e3584a50b6084eef8d) Importer(815301076,1909f56bfc062723c751e8b465ee728b)
Start importing Assets/AstarPathfindingProject/Editor/EditorAssets/LightSkin/editButton@2x.png using Guid(7e276a83ed42e4e3584a50b6084eef8d) Importer(815301076,1909f56bfc062723c751e8b465ee728b)  -> (artifact id: 'f606dd8be8c01049e4fba98bcec537d2') in 0.012319 seconds
  Import took 0.017536 seconds .

========================================================================
Received Import Request.
  Time since last request: 0.000289 seconds.
  path: Assets/AstarPathfindingProject/Editor/EditorAssets/DarkSkin/editButton_active@1x.png
  artifactKey: Guid(e0cb3cc51f25a48bf8b0c647452b09b1) Importer(815301076,1909f56bfc062723c751e8b465ee728b)
Start importing Assets/AstarPathfindingProject/Editor/EditorAssets/DarkSkin/editButton_active@1x.png using Guid(e0cb3cc51f25a48bf8b0c647452b09b1) Importer(815301076,1909f56bfc062723c751e8b465ee728b)  -> (artifact id: '152e4d709535e98e77422aa2cbad07a6') in 0.014949 seconds
  Import took 0.020299 seconds .

========================================================================
Received Import Request.
  Time since last request: 0.225211 seconds.
  path: Assets/AstarPathfindingProject/Editor/EditorAssets/DarkSkin/editButton_active@2x.png
  artifactKey: Guid(f6a4baf90a7bb4e4a92abe07f1a0a9d3) Importer(815301076,1909f56bfc062723c751e8b465ee728b)
Start importing Assets/AstarPathfindingProject/Editor/EditorAssets/DarkSkin/editButton_active@2x.png using Guid(f6a4baf90a7bb4e4a92abe07f1a0a9d3) Importer(815301076,1909f56bfc062723c751e8b465ee728b)  -> (artifact id: 'b63edb623f02b5a3d0f5e91986d8b5dc') in 0.017853 seconds
  Import took 0.022685 seconds .

========================================================================
Received Import Request.
  Time since last request: 0.000282 seconds.
  path: Assets/AstarPathfindingProject/Editor/EditorAssets/LightSkin/editButton_active@2x.png
  artifactKey: Guid(f7ae6f90d33d043c684812513307ec16) Importer(815301076,1909f56bfc062723c751e8b465ee728b)
Start importing Assets/AstarPathfindingProject/Editor/EditorAssets/LightSkin/editButton_active@2x.png using Guid(f7ae6f90d33d043c684812513307ec16) Importer(815301076,1909f56bfc062723c751e8b465ee728b)  -> (artifact id: 'd0f1929644b33a497b84114213ecfd45') in 0.011291 seconds
  Import took 0.016577 seconds .

========================================================================
Received Import Request.
  Time since last request: 9.707606 seconds.
  path: Assets/Screen Shot 2021-06-04 at 9.22.47 PM.png
  artifactKey: Guid(087e9de88d8fe4ad09eae6a23e842765) Importer(815301076,1909f56bfc062723c751e8b465ee728b)
Start importing Assets/Screen Shot 2021-06-04 at 9.22.47 PM.png using Guid(087e9de88d8fe4ad09eae6a23e842765) Importer(815301076,1909f56bfc062723c751e8b465ee728b)  -> (artifact id: '1c138b4d4888016003f117b5c755a6cd') in 0.017197 seconds
  Import took 0.022435 seconds .

========================================================================
Received Import Request.
  Time since last request: 13.287988 seconds.
  path: Assets/TextMesh Pro/Sprites/EmojiOne.png
  artifactKey: Guid(dffef66376be4fa480fb02b19edbe903) Importer(815301076,1909f56bfc062723c751e8b465ee728b)
Start importing Assets/TextMesh Pro/Sprites/EmojiOne.png using Guid(dffef66376be4fa480fb02b19edbe903) Importer(815301076,1909f56bfc062723c751e8b465ee728b)  -> (artifact id: '6ab3c19bf7af1a75e00e0487034ba797') in 0.018223 seconds
  Import took 0.023896 seconds .

========================================================================
Received Import Request.
  Time since last request: 0.044948 seconds.
  path: Assets/Enemy_knight_demo/Sprites/Fall.png
  artifactKey: Guid(009d41ed566b98f46a83020862b7e60e) Importer(815301076,1909f56bfc062723c751e8b465ee728b)
Start importing Assets/Enemy_knight_demo/Sprites/Fall.png using Guid(009d41ed566b98f46a83020862b7e60e) Importer(815301076,1909f56bfc062723c751e8b465ee728b)  -> (artifact id: '275ddc62031ff02042690f91e3d6868b') in 0.057946 seconds
  Import took 0.061855 seconds .

========================================================================
Received Import Request.
  Time since last request: 0.000283 seconds.
  path: Assets/AstarPathfindingProject/ExampleScenes/Materials/Textures/Falloff.psd
  artifactKey: Guid(6f8825d71b24a41f79429012e915aab5) Importer(815301076,1909f56bfc062723c751e8b465ee728b)
Start importing Assets/AstarPathfindingProject/ExampleScenes/Materials/Textures/Falloff.psd using Guid(6f8825d71b24a41f79429012e915aab5) Importer(815301076,1909f56bfc062723c751e8b465ee728b)  -> (artifact id: '131dfa8c5c6dda46326bcff4e1b04fa4') in 0.008741 seconds
  Import took 0.012091 seconds .

========================================================================
Received Import Request.
  Time since last request: 0.046911 seconds.
  path: Assets/AstarPathfindingProject/ExampleScenes/Materials/Textures/Falloff-Reflected.psd
  artifactKey: Guid(5d4852a517f1f496ebca302bd37b988a) Importer(815301076,1909f56bfc062723c751e8b465ee728b)
Start importing Assets/AstarPathfindingProject/ExampleScenes/Materials/Textures/Falloff-Reflected.psd using Guid(5d4852a517f1f496ebca302bd37b988a) Importer(815301076,1909f56bfc062723c751e8b465ee728b)  -> (artifact id: '39753435e78f829c64cdb0945ecd2481') in 0.016361 seconds
  Import took 0.021884 seconds .

========================================================================
Received Import Request.
  Time since last request: 0.568165 seconds.
  path: Assets/TextMesh Pro/Examples & Extras/Textures/Floor Cement.jpg
  artifactKey: Guid(283f897e4925411ebbaa758b4cb13fc2) Importer(815301076,1909f56bfc062723c751e8b465ee728b)
Start importing Assets/TextMesh Pro/Examples & Extras/Textures/Floor Cement.jpg using Guid(283f897e4925411ebbaa758b4cb13fc2) Importer(815301076,1909f56bfc062723c751e8b465ee728b)  -> (artifact id: 'fa035e31ab9ec1f2e07589b6622b9e0d') in 0.016235 seconds
  Import took 0.020590 seconds .

========================================================================
Received Import Request.
  Time since last request: 0.000262 seconds.
  path: Assets/TextMesh Pro/Examples & Extras/Textures/Floor Tiles 1 - diffuse.jpg
  artifactKey: Guid(85ac55597b97403c82fc6601a93cf241) Importer(815301076,1909f56bfc062723c751e8b465ee728b)
Start importing Assets/TextMesh Pro/Examples & Extras/Textures/Floor Tiles 1 - diffuse.jpg using Guid(85ac55597b97403c82fc6601a93cf241) Importer(815301076,1909f56bfc062723c751e8b465ee728b)  -> (artifact id: '65cae150abf3ded52c605d6a25433561') in 0.019750 seconds
  Import took 0.024777 seconds .

========================================================================
Received Import Request.
  Time since last request: 0.081165 seconds.
  path: Assets/TextMesh Pro/Examples & Extras/Fonts/Roboto-Bold.ttf
  artifactKey: Guid(4beb055f07aaff244873dec698d0363e) Importer(815301076,1909f56bfc062723c751e8b465ee728b)
Start importing Assets/TextMesh Pro/Examples & Extras/Fonts/Roboto-Bold.ttf using Guid(4beb055f07aaff244873dec698d0363e) Importer(815301076,1909f56bfc062723c751e8b465ee728b)  -> (artifact id: '000dfbcf14fd7be93a1c1c4d46f7f916') in 0.674955 seconds
  Import took 0.679248 seconds .

========================================================================
Received Import Request.
  Time since last request: 0.409305 seconds.
  path: Assets/TextMesh Pro/Examples & Extras/Fonts/Oswald-Bold.ttf
  artifactKey: Guid(c9f6d0e7bc8541498c9a4799ba184ede) Importer(815301076,1909f56bfc062723c751e8b465ee728b)
Start importing Assets/TextMesh Pro/Examples & Extras/Fonts/Oswald-Bold.ttf using Guid(c9f6d0e7bc8541498c9a4799ba184ede) Importer(815301076,1909f56bfc062723c751e8b465ee728b)  -> (artifact id: 'af464dcea8076bd665e5d2bfc688d4bf') in 0.015162 seconds
  Import took 0.019672 seconds .

========================================================================
Received Import Request.
  Time since last request: 0.008173 seconds.
  path: Assets/TextMesh Pro/Examples & Extras/Fonts/Oswald-Bold.ttf
  artifactKey: Guid(c9f6d0e7bc8541498c9a4799ba184ede) Importer(815301076,1909f56bfc062723c751e8b465ee728b)
Start importing Assets/TextMesh Pro/Examples & Extras/Fonts/Oswald-Bold.ttf using Guid(c9f6d0e7bc8541498c9a4799ba184ede) Importer(815301076,1909f56bfc062723c751e8b465ee728b)  -> (artifact id: 'af464dcea8076bd665e5d2bfc688d4bf') in 0.013510 seconds
  Import took 0.018492 seconds .

========================================================================
Received Import Request.
  Time since last request: 1.656076 seconds.
  path: Assets/TextMesh Pro/Examples & Extras/Textures/Fruit Jelly (B&W).jpg
  artifactKey: Guid(1cdc5b506b1a4a33a53c30669ced1f51) Importer(815301076,1909f56bfc062723c751e8b465ee728b)
Start importing Assets/TextMesh Pro/Examples & Extras/Textures/Fruit Jelly (B&W).jpg using Guid(1cdc5b506b1a4a33a53c30669ced1f51) Importer(815301076,1909f56bfc062723c751e8b465ee728b)  -> (artifact id: '4b7fa2fe3021c547d210a3c93d6fb423') in 0.011314 seconds
  Import took 0.016518 seconds .

========================================================================
Received Import Request.
  Time since last request: 0.014644 seconds.
  path: Assets/TextMesh Pro/Examples & Extras/Textures/Fruit Jelly (B&W).jpg
  artifactKey: Guid(1cdc5b506b1a4a33a53c30669ced1f51) Importer(815301076,1909f56bfc062723c751e8b465ee728b)
Start importing Assets/TextMesh Pro/Examples & Extras/Textures/Fruit Jelly (B&W).jpg using Guid(1cdc5b506b1a4a33a53c30669ced1f51) Importer(815301076,1909f56bfc062723c751e8b465ee728b)  -> (artifact id: '4b7fa2fe3021c547d210a3c93d6fb423') in 0.008135 seconds
  Import took 0.012440 seconds .

========================================================================
Received Import Request.
  Time since last request: 0.119217 seconds.
  path: Assets/AstarPathfindingProject/Editor/EditorAssets/LightSkin/gizmoButton_off@1x.png
  artifactKey: Guid(c780955fc9d0f458abc0de8f2f9cedb2) Importer(815301076,1909f56bfc062723c751e8b465ee728b)
Start importing Assets/AstarPathfindingProject/Editor/EditorAssets/LightSkin/gizmoButton_off@1x.png using Guid(c780955fc9d0f458abc0de8f2f9cedb2) Importer(815301076,1909f56bfc062723c751e8b465ee728b)  -> (artifact id: '585893850246e6c589b8fae3ba71e90a') in 0.009664 seconds
  Import took 0.014923 seconds .

========================================================================
Received Import Request.
  Time since last request: 0.000308 seconds.
  path: Assets/AstarPathfindingProject/Editor/EditorAssets/DarkSkin/gizmoButton_off@1x.png
  artifactKey: Guid(b05124c2b9dc5429a84ef0195a916fce) Importer(815301076,1909f56bfc062723c751e8b465ee728b)
Start importing Assets/AstarPathfindingProject/Editor/EditorAssets/DarkSkin/gizmoButton_off@1x.png using Guid(b05124c2b9dc5429a84ef0195a916fce) Importer(815301076,1909f56bfc062723c751e8b465ee728b)  -> (artifact id: '7e9544ae0b05d83a4d0b14c9f9bbf616') in 0.021412 seconds
  Import took 0.027418 seconds .

========================================================================
Received Import Request.
  Time since last request: 0.091031 seconds.
  path: Assets/AstarPathfindingProject/Editor/EditorAssets/LightSkin/gizmoButton_off@2x.png
  artifactKey: Guid(deb2afb942c3b42fbba8823da7f05894) Importer(815301076,1909f56bfc062723c751e8b465ee728b)
Start importing Assets/AstarPathfindingProject/Editor/EditorAssets/LightSkin/gizmoButton_off@2x.png using Guid(deb2afb942c3b42fbba8823da7f05894) Importer(815301076,1909f56bfc062723c751e8b465ee728b)  -> (artifact id: 'd4b1ef771ea15bdb74723b14d4196dd2') in 0.013199 seconds
  Import took 0.018423 seconds .

========================================================================
Received Import Request.
  Time since last request: 0.000322 seconds.
  path: Assets/AstarPathfindingProject/Editor/EditorAssets/DarkSkin/gizmoButton_off@2x.png
  artifactKey: Guid(3772050cdbd2a472789aa76d6de5b270) Importer(815301076,1909f56bfc062723c751e8b465ee728b)
Start importing Assets/AstarPathfindingProject/Editor/EditorAssets/DarkSkin/gizmoButton_off@2x.png using Guid(3772050cdbd2a472789aa76d6de5b270) Importer(815301076,1909f56bfc062723c751e8b465ee728b)  -> (artifact id: '7fadb4d1ad54de0aca61a214addc467a') in 0.011617 seconds
  Import took 0.016497 seconds .

========================================================================
Received Import Request.
  Time since last request: 0.567228 seconds.
  path: Assets/AstarPathfindingProject/Editor/EditorAssets/DarkSkin/gizmoButton_on@1x.png
  artifactKey: Guid(54ad5f6eb8a9349568e58cd1204388a2) Importer(815301076,1909f56bfc062723c751e8b465ee728b)
Start importing Assets/AstarPathfindingProject/Editor/EditorAssets/DarkSkin/gizmoButton_on@1x.png using Guid(54ad5f6eb8a9349568e58cd1204388a2) Importer(815301076,1909f56bfc062723c751e8b465ee728b)  -> (artifact id: '4539617ef4c08f00cffd773637b98d5a') in 0.009365 seconds
  Import took 0.014629 seconds .

========================================================================
Received Import Request.
  Time since last request: 0.000304 seconds.
  path: Assets/AstarPathfindingProject/Editor/EditorAssets/LightSkin/gizmoButton_on@1x.png
  artifactKey: Guid(455f4fe795672465c8a4e8db3c6b9ccb) Importer(815301076,1909f56bfc062723c751e8b465ee728b)
Start importing Assets/AstarPathfindingProject/Editor/EditorAssets/LightSkin/gizmoButton_on@1x.png using Guid(455f4fe795672465c8a4e8db3c6b9ccb) Importer(815301076,1909f56bfc062723c751e8b465ee728b)  -> (artifact id: 'f3801e92b40f55a5c605d6ce28ce4078') in 0.008763 seconds
  Import took 0.013809 seconds .

========================================================================
Received Import Request.
  Time since last request: 0.000246 seconds.
  path: Assets/AstarPathfindingProject/Editor/EditorAssets/DarkSkin/gizmoButton_on@1x.png
  artifactKey: Guid(54ad5f6eb8a9349568e58cd1204388a2) Importer(815301076,1909f56bfc062723c751e8b465ee728b)
Start importing Assets/AstarPathfindingProject/Editor/EditorAssets/DarkSkin/gizmoButton_on@1x.png using Guid(54ad5f6eb8a9349568e58cd1204388a2) Importer(815301076,1909f56bfc062723c751e8b465ee728b)  -> (artifact id: '4539617ef4c08f00cffd773637b98d5a') in 0.006059 seconds
  Import took 0.009293 seconds .

========================================================================
Received Import Request.
  Time since last request: 0.100685 seconds.
  path: Assets/AstarPathfindingProject/Editor/EditorAssets/LightSkin/gizmoButton_on@2x.png
  artifactKey: Guid(731ce0beec302410299a12fa1da2dc54) Importer(815301076,1909f56bfc062723c751e8b465ee728b)
Start importing Assets/AstarPathfindingProject/Editor/EditorAssets/LightSkin/gizmoButton_on@2x.png using Guid(731ce0beec302410299a12fa1da2dc54) Importer(815301076,1909f56bfc062723c751e8b465ee728b)  -> (artifact id: '1dcbcefcba6f7264f71bda654b66f767') in 0.012244 seconds
  Import took 0.017065 seconds .

========================================================================
Received Import Request.
  Time since last request: 0.000277 seconds.
  path: Assets/AstarPathfindingProject/Editor/EditorAssets/DarkSkin/gizmoButton_on@2x.png
  artifactKey: Guid(a454b67ef7bd04780aca99e364202679) Importer(815301076,1909f56bfc062723c751e8b465ee728b)
Start importing Assets/AstarPathfindingProject/Editor/EditorAssets/DarkSkin/gizmoButton_on@2x.png using Guid(a454b67ef7bd04780aca99e364202679) Importer(815301076,1909f56bfc062723c751e8b465ee728b)  -> (artifact id: 'aab0a906c42a80a87d0a9d2764b0b519') in 0.019831 seconds
  Import took 0.024828 seconds .

========================================================================
Received Import Request.
  Time since last request: 0.850189 seconds.
  path: Assets/TextMesh Pro/Examples & Extras/Textures/Gradient Diagonal (Color).jpg
  artifactKey: Guid(2ce5c55e85304b819a1826ecbc839aa5) Importer(815301076,1909f56bfc062723c751e8b465ee728b)
Start importing Assets/TextMesh Pro/Examples & Extras/Textures/Gradient Diagonal (Color).jpg using Guid(2ce5c55e85304b819a1826ecbc839aa5) Importer(815301076,1909f56bfc062723c751e8b465ee728b)  -> (artifact id: 'a02007d9a44b5f1b655b2165eaa0aa3b') in 0.008361 seconds
  Import took 0.012391 seconds .

========================================================================
Received Import Request.
  Time since last request: 0.000430 seconds.
  path: Assets/TextMesh Pro/Examples & Extras/Textures/Gradient Horizontal (Color).jpg
  artifactKey: Guid(6eb184de103d4b3f812b38561065192f) Importer(815301076,1909f56bfc062723c751e8b465ee728b)
Start importing Assets/TextMesh Pro/Examples & Extras/Textures/Gradient Horizontal (Color).jpg using Guid(6eb184de103d4b3f812b38561065192f) Importer(815301076,1909f56bfc062723c751e8b465ee728b)  -> (artifact id: 'b30701d77502100495611573d5b0d16b') in 0.008121 seconds
  Import took 0.011788 seconds .

========================================================================
Received Import Request.
  Time since last request: 0.000300 seconds.
  path: Assets/TextMesh Pro/Examples & Extras/Textures/Gradient Diagonal (Color).jpg
  artifactKey: Guid(2ce5c55e85304b819a1826ecbc839aa5) Importer(815301076,1909f56bfc062723c751e8b465ee728b)
Start importing Assets/TextMesh Pro/Examples & Extras/Textures/Gradient Diagonal (Color).jpg using Guid(2ce5c55e85304b819a1826ecbc839aa5) Importer(815301076,1909f56bfc062723c751e8b465ee728b)  -> (artifact id: 'a02007d9a44b5f1b655b2165eaa0aa3b') in 0.006261 seconds
  Import took 0.009845 seconds .

========================================================================
Received Import Request.
  Time since last request: 0.085047 seconds.
  path: Assets/TextMesh Pro/Examples & Extras/Textures/Gradient Vertical (Color).jpg
  artifactKey: Guid(03d0538de6e24c0f819bfc9ce084dfa9) Importer(815301076,1909f56bfc062723c751e8b465ee728b)
Start importing Assets/TextMesh Pro/Examples & Extras/Textures/Gradient Vertical (Color).jpg using Guid(03d0538de6e24c0f819bfc9ce084dfa9) Importer(815301076,1909f56bfc062723c751e8b465ee728b)  -> (artifact id: '66702d855bf050f0ec1870ea7be4ccc2') in 0.011055 seconds
  Import took 0.016060 seconds .

========================================================================
Received Import Request.
  Time since last request: 0.000322 seconds.
  path: Assets/AstarPathfindingProject/Editor/EditorAssets/grid.psd
  artifactKey: Guid(527965173b00f43f9a1b8fc9e8c2e64b) Importer(815301076,1909f56bfc062723c751e8b465ee728b)
Start importing Assets/AstarPathfindingProject/Editor/EditorAssets/grid.psd using Guid(527965173b00f43f9a1b8fc9e8c2e64b) Importer(815301076,1909f56bfc062723c751e8b465ee728b)  -> (artifact id: '21a4aca367eb25f334d248ca0e3cb434') in 0.021619 seconds
  Import took 0.026987 seconds .

========================================================================
Received Import Request.
  Time since last request: 0.079878 seconds.
  path: Assets/AstarPathfindingProject/Editor/EditorAssets/images/gridPivotSelect.png
  artifactKey: Guid(b593db43606434498a7200f8281297d8) Importer(815301076,1909f56bfc062723c751e8b465ee728b)
Start importing Assets/AstarPathfindingProject/Editor/EditorAssets/images/gridPivotSelect.png using Guid(b593db43606434498a7200f8281297d8) Importer(815301076,1909f56bfc062723c751e8b465ee728b)  -> (artifact id: '2dc0e0092bc316b35c4cc8d9e1893879') in 0.010108 seconds
  Import took 0.015960 seconds .

========================================================================
Received Import Request.
  Time since last request: 0.000312 seconds.
  path: Assets/AstarPathfindingProject/Editor/EditorAssets/DarkSkin/images/gridPivotSelect.png
  artifactKey: Guid(5006aa4ede39e49198b851d98e267b5d) Importer(815301076,1909f56bfc062723c751e8b465ee728b)
Start importing Assets/AstarPathfindingProject/Editor/EditorAssets/DarkSkin/images/gridPivotSelect.png using Guid(5006aa4ede39e49198b851d98e267b5d) Importer(815301076,1909f56bfc062723c751e8b465ee728b)  -> (artifact id: '4be7ffe7b7b516fe94e7db5d38b9f1a6') in 0.016094 seconds
  Import took 0.020624 seconds .

========================================================================
Received Import Request.
  Time since last request: 0.471692 seconds.
  path: Assets/AstarPathfindingProject/Editor/EditorAssets/DarkSkin/gridPivotSelect.png
  artifactKey: Guid(11b8d44fcb3cf4c048a576df708e0ec6) Importer(815301076,1909f56bfc062723c751e8b465ee728b)
Start importing Assets/AstarPathfindingProject/Editor/EditorAssets/DarkSkin/gridPivotSelect.png using Guid(11b8d44fcb3cf4c048a576df708e0ec6) Importer(815301076,1909f56bfc062723c751e8b465ee728b)  -> (artifact id: '6b9aab7678ac53e3208da662a5d9fbe8') in 0.007886 seconds
  Import took 0.012731 seconds .

========================================================================
Received Import Request.
  Time since last request: 0.000294 seconds.
  path: Assets/AstarPathfindingProject/Editor/EditorAssets/DarkSkin/images/gridPivotSelect-03.png
  artifactKey: Guid(0758c9e42111d4aec99694c875e9badc) Importer(815301076,1909f56bfc062723c751e8b465ee728b)
Start importing Assets/AstarPathfindingProject/Editor/EditorAssets/DarkSkin/images/gridPivotSelect-03.png using Guid(0758c9e42111d4aec99694c875e9badc) Importer(815301076,1909f56bfc062723c751e8b465ee728b)  -> (artifact id: '4d7894c51ce92fae6cc12c5574948b16') in 0.023542 seconds
  Import took 0.028462 seconds .

========================================================================
Received Import Request.
  Time since last request: 0.068604 seconds.
  path: Assets/AstarPathfindingProject/Editor/EditorAssets/images/gridPivotSelect_Normal.png
  artifactKey: Guid(9de7a15ab4e1d48da9861247bc34226d) Importer(815301076,1909f56bfc062723c751e8b465ee728b)
Start importing Assets/AstarPathfindingProject/Editor/EditorAssets/images/gridPivotSelect_Normal.png using Guid(9de7a15ab4e1d48da9861247bc34226d) Importer(815301076,1909f56bfc062723c751e8b465ee728b)  -> (artifact id: 'd35d135d5cd95169691bcb5030174fbb') in 0.010399 seconds
  Import took 0.017814 seconds .

========================================================================
Received Import Request.
  Time since last request: 0.000280 seconds.
  path: Assets/AstarPathfindingProject/Editor/EditorAssets/DarkSkin/images/gridPivotSelect_Normal.png
  artifactKey: Guid(37972c32346084c13bfddb8c3dbed143) Importer(815301076,1909f56bfc062723c751e8b465ee728b)
Start importing Assets/AstarPathfindingProject/Editor/EditorAssets/DarkSkin/images/gridPivotSelect_Normal.png using Guid(37972c32346084c13bfddb8c3dbed143) Importer(815301076,1909f56bfc062723c751e8b465ee728b)  -> (artifact id: '391b7b2aa937e34be9010cf40a138779') in 0.016227 seconds
  Import took 0.020771 seconds .

========================================================================
Received Import Request.
  Time since last request: 0.117939 seconds.
  path: Assets/AstarPathfindingProject/Editor/EditorAssets/images/gridPivotSelect_On.png
  artifactKey: Guid(3d11311e97436432e897a4bd0b5fbfac) Importer(815301076,1909f56bfc062723c751e8b465ee728b)
Start importing Assets/AstarPathfindingProject/Editor/EditorAssets/images/gridPivotSelect_On.png using Guid(3d11311e97436432e897a4bd0b5fbfac) Importer(815301076,1909f56bfc062723c751e8b465ee728b)  -> (artifact id: 'e79e24a78c30366a28d4879126a91f1f') in 0.009981 seconds
  Import took 0.015387 seconds .

========================================================================
Received Import Request.
  Time since last request: 0.000298 seconds.
  path: Assets/AstarPathfindingProject/Editor/EditorAssets/DarkSkin/images/gridPivotSelect_On.png
  artifactKey: Guid(7ea4fc739ffbb4af1a466f655bf1d178) Importer(815301076,1909f56bfc062723c751e8b465ee728b)
Start importing Assets/AstarPathfindingProject/Editor/EditorAssets/DarkSkin/images/gridPivotSelect_On.png using Guid(7ea4fc739ffbb4af1a466f655bf1d178) Importer(815301076,1909f56bfc062723c751e8b465ee728b)  -> (artifact id: '0e764a9fd91ab418e97b0609f3ecc730') in 0.007509 seconds
  Import took 0.011823 seconds .

========================================================================
Received Import Request.
  Time since last request: 0.000239 seconds.
  path: Assets/AstarPathfindingProject/Editor/EditorAssets/images/gridPivotSelect_On.png
  artifactKey: Guid(3d11311e97436432e897a4bd0b5fbfac) Importer(815301076,1909f56bfc062723c751e8b465ee728b)
Start importing Assets/AstarPathfindingProject/Editor/EditorAssets/images/gridPivotSelect_On.png using Guid(3d11311e97436432e897a4bd0b5fbfac) Importer(815301076,1909f56bfc062723c751e8b465ee728b)  -> (artifact id: 'e79e24a78c30366a28d4879126a91f1f') in 0.006622 seconds
  Import took 0.010755 seconds .

========================================================================
Received Import Request.
  Time since last request: 0.024300 seconds.
  path: Assets/AstarPathfindingProject/Editor/EditorAssets/DarkSkin/images/gridPivotSelect_On.png
  artifactKey: Guid(7ea4fc739ffbb4af1a466f655bf1d178) Importer(815301076,1909f56bfc062723c751e8b465ee728b)
Start importing Assets/AstarPathfindingProject/Editor/EditorAssets/DarkSkin/images/gridPivotSelect_On.png using Guid(7ea4fc739ffbb4af1a466f655bf1d178) Importer(815301076,1909f56bfc062723c751e8b465ee728b)  -> (artifact id: '0e764a9fd91ab418e97b0609f3ecc730') in 0.008586 seconds
  Import took 0.012615 seconds .

========================================================================
Received Import Request.
  Time since last request: 0.590919 seconds.
  path: Assets/AstarPathfindingProject/ExampleScenes/Example5_PointGraph/ground.psd
  artifactKey: Guid(b0749c40ee03a46eaa0401867a08b963) Importer(815301076,1909f56bfc062723c751e8b465ee728b)
Start importing Assets/AstarPathfindingProject/ExampleScenes/Example5_PointGraph/ground.psd using Guid(b0749c40ee03a46eaa0401867a08b963) Importer(815301076,1909f56bfc062723c751e8b465ee728b)  -> (artifact id: '53735964112e2658539512f15ded09ab') in 0.029403 seconds
  Import took 0.033442 seconds .

========================================================================
Received Import Request.
  Time since last request: 0.000252 seconds.
  path: Assets/AstarPathfindingProject/Editor/EditorAssets/LightSkin/headerBackground.png
  artifactKey: Guid(620f088d04c284b21939ce24996fdbee) Importer(815301076,1909f56bfc062723c751e8b465ee728b)
Start importing Assets/AstarPathfindingProject/Editor/EditorAssets/LightSkin/headerBackground.png using Guid(620f088d04c284b21939ce24996fdbee) Importer(815301076,1909f56bfc062723c751e8b465ee728b)  -> (artifact id: '3743ed285af5f310a8f9573bee0454c6') in 0.007537 seconds
  Import took 0.011799 seconds .

========================================================================
Received Import Request.
  Time since last request: 0.107055 seconds.
  path: Assets/AstarPathfindingProject/Editor/EditorAssets/DarkSkin/headerBackground.png
  artifactKey: Guid(db5b85df63e094a1c96f11019bccc577) Importer(815301076,1909f56bfc062723c751e8b465ee728b)
Start importing Assets/AstarPathfindingProject/Editor/EditorAssets/DarkSkin/headerBackground.png using Guid(db5b85df63e094a1c96f11019bccc577) Importer(815301076,1909f56bfc062723c751e8b465ee728b)  -> (artifact id: '801ff6edbb5905c39e056ead6a4b9a09') in 0.009772 seconds
  Import took 0.014668 seconds .

========================================================================
Received Import Request.
  Time since last request: 0.000323 seconds.
  path: Assets/AstarPathfindingProject/Editor/EditorAssets/LightSkin/hex_diameter@1x.png
  artifactKey: Guid(b1817d211ea3547f088cddf76f3e6647) Importer(815301076,1909f56bfc062723c751e8b465ee728b)
Start importing Assets/AstarPathfindingProject/Editor/EditorAssets/LightSkin/hex_diameter@1x.png using Guid(b1817d211ea3547f088cddf76f3e6647) Importer(815301076,1909f56bfc062723c751e8b465ee728b)  -> (artifact id: '4b31e2c19237e6c8f27b599a9405e787') in 0.021392 seconds
  Import took 0.026541 seconds .

========================================================================
Received Import Request.
  Time since last request: 0.000338 seconds.
  path: Assets/AstarPathfindingProject/Editor/EditorAssets/DarkSkin/hex_diameter@1x.png
  artifactKey: Guid(aec40eb6c450c4bdea484100ff9fb9a4) Importer(815301076,1909f56bfc062723c751e8b465ee728b)
Start importing Assets/AstarPathfindingProject/Editor/EditorAssets/DarkSkin/hex_diameter@1x.png using Guid(aec40eb6c450c4bdea484100ff9fb9a4) Importer(815301076,1909f56bfc062723c751e8b465ee728b)  -> (artifact id: '751f2b698fbcd3061863734ac335946a') in 0.011105 seconds
  Import took 0.016622 seconds .

========================================================================
Received Import Request.
  Time since last request: 0.536730 seconds.
  path: Assets/AstarPathfindingProject/Editor/EditorAssets/DarkSkin/hex_diameter@2x.png
  artifactKey: Guid(36094f49ffe31443eb5e8ea185115a1d) Importer(815301076,1909f56bfc062723c751e8b465ee728b)
Start importing Assets/AstarPathfindingProject/Editor/EditorAssets/DarkSkin/hex_diameter@2x.png using Guid(36094f49ffe31443eb5e8ea185115a1d) Importer(815301076,1909f56bfc062723c751e8b465ee728b)  -> (artifact id: '0e44b932540ce318c8c2507e67fefb16') in 0.008867 seconds
  Import took 0.012242 seconds .

========================================================================
Received Import Request.
  Time since last request: 0.000255 seconds.
  path: Assets/AstarPathfindingProject/Editor/EditorAssets/LightSkin/hex_diameter@2x.png
  artifactKey: Guid(5a358b45ec6c34f20b9f792e1f259b4f) Importer(815301076,1909f56bfc062723c751e8b465ee728b)
Start importing Assets/AstarPathfindingProject/Editor/EditorAssets/LightSkin/hex_diameter@2x.png using Guid(5a358b45ec6c34f20b9f792e1f259b4f) Importer(815301076,1909f56bfc062723c751e8b465ee728b)  -> (artifact id: '6ac491b05afd4788d3e734c9ce5c30c8') in 0.007966 seconds
  Import took 0.012159 seconds .

========================================================================
Received Import Request.
  Time since last request: 0.000251 seconds.
  path: Assets/AstarPathfindingProject/Editor/EditorAssets/DarkSkin/hex_diameter@2x.png
  artifactKey: Guid(36094f49ffe31443eb5e8ea185115a1d) Importer(815301076,1909f56bfc062723c751e8b465ee728b)
Start importing Assets/AstarPathfindingProject/Editor/EditorAssets/DarkSkin/hex_diameter@2x.png using Guid(36094f49ffe31443eb5e8ea185115a1d) Importer(815301076,1909f56bfc062723c751e8b465ee728b)  -> (artifact id: '0e44b932540ce318c8c2507e67fefb16') in 0.007551 seconds
  Import took 0.010773 seconds .

========================================================================
Received Import Request.
  Time since last request: 0.022185 seconds.
  path: Assets/AstarPathfindingProject/Editor/EditorAssets/LightSkin/hex_diameter@2x.png
  artifactKey: Guid(5a358b45ec6c34f20b9f792e1f259b4f) Importer(815301076,1909f56bfc062723c751e8b465ee728b)
Start importing Assets/AstarPathfindingProject/Editor/EditorAssets/LightSkin/hex_diameter@2x.png using Guid(5a358b45ec6c34f20b9f792e1f259b4f) Importer(815301076,1909f56bfc062723c751e8b465ee728b)  -> (artifact id: '6ac491b05afd4788d3e734c9ce5c30c8') in 0.008210 seconds
  Import took 0.012601 seconds .

========================================================================
Received Import Request.
  Time since last request: 0.050594 seconds.
  path: Assets/AstarPathfindingProject/Editor/EditorAssets/LightSkin/hex_width@1x.png
  artifactKey: Guid(c3f63c474ba404e88a6a16a074cced39) Importer(815301076,1909f56bfc062723c751e8b465ee728b)
Start importing Assets/AstarPathfindingProject/Editor/EditorAssets/LightSkin/hex_width@1x.png using Guid(c3f63c474ba404e88a6a16a074cced39) Importer(815301076,1909f56bfc062723c751e8b465ee728b)  -> (artifact id: '77694ffe2d4f084a836bcc601cca1236') in 0.010101 seconds
  Import took 0.015891 seconds .

========================================================================
Received Import Request.
  Time since last request: 0.000393 seconds.
  path: Assets/AstarPathfindingProject/Editor/EditorAssets/DarkSkin/hex_width@1x.png
  artifactKey: Guid(43a4af66a8c594a2daa4744ed77da2dd) Importer(815301076,1909f56bfc062723c751e8b465ee728b)
Start importing Assets/AstarPathfindingProject/Editor/EditorAssets/DarkSkin/hex_width@1x.png using Guid(43a4af66a8c594a2daa4744ed77da2dd) Importer(815301076,1909f56bfc062723c751e8b465ee728b)  -> (artifact id: '889143ece13503362448b1b9a49cebe4') in 0.019871 seconds
  Import took 0.026123 seconds .

========================================================================
Received Import Request.
  Time since last request: 0.078441 seconds.
  path: Assets/AstarPathfindingProject/Editor/EditorAssets/DarkSkin/hex_width@2x.png
  artifactKey: Guid(321a1fe2502bc493d87337a3a4429cf5) Importer(815301076,1909f56bfc062723c751e8b465ee728b)
Start importing Assets/AstarPathfindingProject/Editor/EditorAssets/DarkSkin/hex_width@2x.png using Guid(321a1fe2502bc493d87337a3a4429cf5) Importer(815301076,1909f56bfc062723c751e8b465ee728b)  -> (artifact id: 'ab045c3fa28f18bede7dc8f36fa731e7') in 0.009224 seconds
  Import took 0.014168 seconds .

========================================================================
Received Import Request.
  Time since last request: 0.000306 seconds.
  path: Assets/AstarPathfindingProject/Editor/EditorAssets/LightSkin/hex_width@2x.png
  artifactKey: Guid(6010a63a238ef4899872fe5bd998dbb5) Importer(815301076,1909f56bfc062723c751e8b465ee728b)
Start importing Assets/AstarPathfindingProject/Editor/EditorAssets/LightSkin/hex_width@2x.png using Guid(6010a63a238ef4899872fe5bd998dbb5) Importer(815301076,1909f56bfc062723c751e8b465ee728b)  -> (artifact id: 'a8b1187af5749451e231695a6630e778') in 0.015229 seconds
  Import took 0.020152 seconds .

========================================================================
Received Import Request.
  Time since last request: 0.630739 seconds.
  path: Assets/Enemy_knight_demo/Sprites/Idle.png
  artifactKey: Guid(174209194dbf2fb44aef1ea1ba76a2f1) Importer(815301076,1909f56bfc062723c751e8b465ee728b)
Start importing Assets/Enemy_knight_demo/Sprites/Idle.png using Guid(174209194dbf2fb44aef1ea1ba76a2f1) Importer(815301076,1909f56bfc062723c751e8b465ee728b)  -> (artifact id: 'b4e204618d0e66bdc3374b9c9a4b1dd6') in 0.057758 seconds
  Import took 0.061925 seconds .

========================================================================
Received Import Request.
  Time since last request: 0.000314 seconds.
  path: Assets/AstarPathfindingProject/Editor/EditorAssets/DarkSkin/infoButton@2x.png
  artifactKey: Guid(623f6adf01f324cb7bc6aefe7f87d623) Importer(815301076,1909f56bfc062723c751e8b465ee728b)
Start importing Assets/AstarPathfindingProject/Editor/EditorAssets/DarkSkin/infoButton@2x.png using Guid(623f6adf01f324cb7bc6aefe7f87d623) Importer(815301076,1909f56bfc062723c751e8b465ee728b)  -> (artifact id: '95096de88c37762e7582413617603eb8') in 0.007544 seconds
  Import took 0.011396 seconds .

========================================================================
Received Import Request.
  Time since last request: 0.000243 seconds.
  path: Assets/Enemy_knight_demo/Sprites/Idle.png
  artifactKey: Guid(174209194dbf2fb44aef1ea1ba76a2f1) Importer(815301076,1909f56bfc062723c751e8b465ee728b)
Start importing Assets/Enemy_knight_demo/Sprites/Idle.png using Guid(174209194dbf2fb44aef1ea1ba76a2f1) Importer(815301076,1909f56bfc062723c751e8b465ee728b)  -> (artifact id: 'b4e204618d0e66bdc3374b9c9a4b1dd6') in 0.106210 seconds
  Import took 0.110797 seconds .

========================================================================
Received Import Request.
  Time since last request: 0.000793 seconds.
  path: Assets/AstarPathfindingProject/Editor/EditorAssets/DarkSkin/infoButton@1x.png
  artifactKey: Guid(1986ec06d68774254928f44b896a3913) Importer(815301076,1909f56bfc062723c751e8b465ee728b)
Start importing Assets/AstarPathfindingProject/Editor/EditorAssets/DarkSkin/infoButton@1x.png using Guid(1986ec06d68774254928f44b896a3913) Importer(815301076,1909f56bfc062723c751e8b465ee728b)  -> (artifact id: '9ce8bbb7bdda098e8a520fb4ad2d2273') in 0.025616 seconds
  Import took 0.031358 seconds .

========================================================================
Received Import Request.
  Time since last request: 0.000329 seconds.
  path: Assets/AstarPathfindingProject/Editor/EditorAssets/LightSkin/infoButton@2x.png
  artifactKey: Guid(7ef0e648811f14f65b69c2df3f27de11) Importer(815301076,1909f56bfc062723c751e8b465ee728b)
Start importing Assets/AstarPathfindingProject/Editor/EditorAssets/LightSkin/infoButton@2x.png using Guid(7ef0e648811f14f65b69c2df3f27de11) Importer(815301076,1909f56bfc062723c751e8b465ee728b)  -> (artifact id: '15446f5ce6aa36c5e2d974fce5ec371f') in 0.013529 seconds
  Import took 0.019573 seconds .

========================================================================
Received Import Request.
  Time since last request: 0.000532 seconds.
  path: Assets/AstarPathfindingProject/Editor/EditorAssets/DarkSkin/infoButton_active@1x.png
  artifactKey: Guid(d008deade2077407fbf14446df2547c9) Importer(815301076,1909f56bfc062723c751e8b465ee728b)
Start importing Assets/AstarPathfindingProject/Editor/EditorAssets/DarkSkin/infoButton_active@1x.png using Guid(d008deade2077407fbf14446df2547c9) Importer(815301076,1909f56bfc062723c751e8b465ee728b)  -> (artifact id: '6cf3f91d1fcbbbfdc0a73d3aaae9e52b') in 0.009657 seconds
  Import took 0.016211 seconds .

========================================================================
Received Import Request.
  Time since last request: 0.000319 seconds.
  path: Assets/AstarPathfindingProject/Editor/EditorAssets/LightSkin/infoButton@1x.png
  artifactKey: Guid(efb7b60811b9a4ec7b92ecfcaa9bcd0d) Importer(815301076,1909f56bfc062723c751e8b465ee728b)
Start importing Assets/AstarPathfindingProject/Editor/EditorAssets/LightSkin/infoButton@1x.png using Guid(efb7b60811b9a4ec7b92ecfcaa9bcd0d) Importer(815301076,1909f56bfc062723c751e8b465ee728b)  -> (artifact id: '64b14c41d6c28ca35a869cb45f881168') in 0.019200 seconds
  Import took 0.024944 seconds .

========================================================================
Received Import Request.
  Time since last request: 0.352437 seconds.
  path: Assets/AstarPathfindingProject/Editor/EditorAssets/LightSkin/infoButton_active@1x.png
  artifactKey: Guid(7604699b5bc8f4343b03cc4d0b603403) Importer(815301076,1909f56bfc062723c751e8b465ee728b)
Start importing Assets/AstarPathfindingProject/Editor/EditorAssets/LightSkin/infoButton_active@1x.png using Guid(7604699b5bc8f4343b03cc4d0b603403) Importer(815301076,1909f56bfc062723c751e8b465ee728b)  -> (artifact id: '1b76dbf68f1c2aa6e13e7cdcb5182857') in 0.008216 seconds
  Import took 0.012136 seconds .

========================================================================
Received Import Request.
  Time since last request: 0.000277 seconds.
  path: Assets/AstarPathfindingProject/Editor/EditorAssets/LightSkin/infoButton_active@2x.png
  artifactKey: Guid(8acb97c3fcc694bf3b7d33b1ff321337) Importer(815301076,1909f56bfc062723c751e8b465ee728b)
Start importing Assets/AstarPathfindingProject/Editor/EditorAssets/LightSkin/infoButton_active@2x.png using Guid(8acb97c3fcc694bf3b7d33b1ff321337) Importer(815301076,1909f56bfc062723c751e8b465ee728b)  -> (artifact id: '68ba8c0fc7c1f43d0f69278d8a0b799d') in 0.007900 seconds
  Import took 0.012007 seconds .

========================================================================
Received Import Request.
  Time since last request: 0.000243 seconds.
  path: Assets/AstarPathfindingProject/Editor/EditorAssets/LightSkin/infoButton_active@1x.png
  artifactKey: Guid(7604699b5bc8f4343b03cc4d0b603403) Importer(815301076,1909f56bfc062723c751e8b465ee728b)
Start importing Assets/AstarPathfindingProject/Editor/EditorAssets/LightSkin/infoButton_active@1x.png using Guid(7604699b5bc8f4343b03cc4d0b603403) Importer(815301076,1909f56bfc062723c751e8b465ee728b)  -> (artifact id: '1b76dbf68f1c2aa6e13e7cdcb5182857') in 0.005834 seconds
  Import took 0.009975 seconds .

========================================================================
Received Import Request.
  Time since last request: 0.087602 seconds.
  path: Assets/AstarPathfindingProject/Editor/EditorAssets/DarkSkin/infoButton_active@2x.png
  artifactKey: Guid(9b266e42522c048f6b62832985be51ed) Importer(815301076,1909f56bfc062723c751e8b465ee728b)
Start importing Assets/AstarPathfindingProject/Editor/EditorAssets/DarkSkin/infoButton_active@2x.png using Guid(9b266e42522c048f6b62832985be51ed) Importer(815301076,1909f56bfc062723c751e8b465ee728b)  -> (artifact id: 'e83024d6fe41e487edcafee94e564872') in 0.011274 seconds
  Import took 0.017055 seconds .

========================================================================
Received Import Request.
  Time since last request: 0.000302 seconds.
  path: Assets/Enemy_knight_demo/Sprites/Jump.png
  artifactKey: Guid(1a97e1436e5c2694faed82c3de06031b) Importer(815301076,1909f56bfc062723c751e8b465ee728b)
Start importing Assets/Enemy_knight_demo/Sprites/Jump.png using Guid(1a97e1436e5c2694faed82c3de06031b) Importer(815301076,1909f56bfc062723c751e8b465ee728b)  -> (artifact id: '41494b9959c32ffdfadeec8d029420a6') in 0.052145 seconds
  Import took 0.057440 seconds .

========================================================================
Received Import Request.
  Time since last request: 0.675369 seconds.
  path: Assets/AstarPathfindingProject/Editor/EditorAssets/Materials/line_falloff_1px.png
  artifactKey: Guid(6267c94129d874d7bafe507aa753046a) Importer(815301076,1909f56bfc062723c751e8b465ee728b)
Start importing Assets/AstarPathfindingProject/Editor/EditorAssets/Materials/line_falloff_1px.png using Guid(6267c94129d874d7bafe507aa753046a) Importer(815301076,1909f56bfc062723c751e8b465ee728b)  -> (artifact id: '24d2cf1fd37f88bfab5eeeb0925897ce') in 0.007918 seconds
  Import took 0.012298 seconds .

========================================================================
Received Import Request.
  Time since last request: 0.000744 seconds.
  path: Assets/AstarPathfindingProject/Editor/EditorAssets/Materials/line_falloff_1px.png
  artifactKey: Guid(6267c94129d874d7bafe507aa753046a) Importer(815301076,1909f56bfc062723c751e8b465ee728b)
Start importing Assets/AstarPathfindingProject/Editor/EditorAssets/Materials/line_falloff_1px.png using Guid(6267c94129d874d7bafe507aa753046a) Importer(815301076,1909f56bfc062723c751e8b465ee728b)  -> (artifact id: '24d2cf1fd37f88bfab5eeeb0925897ce') in 0.006480 seconds
  Import took 0.009772 seconds .

========================================================================
Received Prepare
Refreshing native plugins compatible for Editor in 3.01 ms, found 1 plugins.
Preloading 0 native plugins for Editor in 0.00 ms.
Unloading 3 Unused Serialized files (Serialized files now loaded: 0)
System memory in use before: 119.9 MB.
System memory in use after: 120.0 MB.

Unloading 3 unused Assets to reduce memory usage. Loaded Objects now: 1865.
Total: 23.976898 ms (FindLiveObjects: 0.945352 ms CreateObjectMapping: 0.065174 ms MarkObjects: 22.909141 ms  DeleteObjects: 0.054979 ms)

========================================================================
Received Prepare
Refreshing native plugins compatible for Editor in 0.88 ms, found 1 plugins.
Preloading 0 native plugins for Editor in 0.00 ms.
Unloading 3 Unused Serialized files (Serialized files now loaded: 0)
System memory in use before: 119.9 MB.
System memory in use after: 120.0 MB.

Unloading 3 unused Assets to reduce memory usage. Loaded Objects now: 1865.
Total: 3.188743 ms (FindLiveObjects: 0.247025 ms CreateObjectMapping: 0.086206 ms MarkObjects: 2.824839 ms  DeleteObjects: 0.028208 ms)

========================================================================
Received Prepare
Refreshing native plugins compatible for Editor in 1.21 ms, found 1 plugins.
Preloading 0 native plugins for Editor in 0.00 ms.
Unloading 3 Unused Serialized files (Serialized files now loaded: 0)
System memory in use before: 119.9 MB.
System memory in use after: 120.0 MB.

Unloading 3 unused Assets to reduce memory usage. Loaded Objects now: 1865.
Total: 3.077468 ms (FindLiveObjects: 0.226741 ms CreateObjectMapping: 0.064100 ms MarkObjects: 2.763711 ms  DeleteObjects: 0.019648 ms)

========================================================================
Received Import Request.
  Time since last request: 180.647525 seconds.
  path: Assets/Screen Shot 2021-06-04 at 9.22.47 PM.png
  artifactKey: Guid(087e9de88d8fe4ad09eae6a23e842765) Importer(815301076,1909f56bfc062723c751e8b465ee728b)
Start importing Assets/Screen Shot 2021-06-04 at 9.22.47 PM.png using Guid(087e9de88d8fe4ad09eae6a23e842765) Importer(815301076,1909f56bfc062723c751e8b465ee728b)  -> (artifact id: '404f82bac9cdfa363f780ee03fb172d8') in 0.029056 seconds
  Import took 0.036653 seconds .

========================================================================
Received Import Request.
  Time since last request: 0.807415 seconds.
  path: Assets/Screen Shot 2021-06-04 at 9.22.47 PM.png
  artifactKey: Guid(087e9de88d8fe4ad09eae6a23e842765) Importer(815301076,1909f56bfc062723c751e8b465ee728b)
Start importing Assets/Screen Shot 2021-06-04 at 9.22.47 PM.png using Guid(087e9de88d8fe4ad09eae6a23e842765) Importer(815301076,1909f56bfc062723c751e8b465ee728b)  -> (artifact id: '404f82bac9cdfa363f780ee03fb172d8') in 0.011187 seconds
  Import took 0.015284 seconds .

